{
  "RSpec": {
    "coverage": {
      "/home/awsmsid/Desktop/Apps/assignment/app/controllers/application_controller.rb": {
        "lines": [
          null,
          null,
          1,
          1,
          null,
          1,
          1,
          1,
          1,
          null,
          1,
          null,
          null,
          null,
          1,
          null,
          1,
          4,
          null,
          null,
          1,
          4,
          4,
          null,
          null
        ]
      },
      "/home/awsmsid/Desktop/Apps/assignment/app/controllers/contact_controller.rb": {
        "lines": [
          null,
          null,
          1,
          1,
          1,
          null,
          null,
          1,
          2,
          2,
          2,
          1,
          2,
          1,
          null,
          2,
          1,
          null,
          null,
          null,
          null,
          1,
          null,
          1,
          2,
          null,
          null,
          null,
          null,
          null,
          null
        ]
      },
      "/home/awsmsid/Desktop/Apps/assignment/app/mailers/contact_mailer.rb": {
        "lines": [
          null,
          null,
          1,
          1,
          3,
          3,
          null,
          null
        ]
      },
      "/home/awsmsid/Desktop/Apps/assignment/app/mailers/application_mailer.rb": {
        "lines": [
          null,
          null,
          1,
          1,
          1,
          null
        ]
      },
      "/home/awsmsid/Desktop/Apps/assignment/app/models/contact.rb": {
        "lines": [
          null,
          null,
          1,
          1,
          null
        ]
      },
      "/home/awsmsid/Desktop/Apps/assignment/app/models/application_record.rb": {
        "lines": [
          null,
          null,
          1,
          1,
          null
        ]
      },
      "/home/awsmsid/Desktop/Apps/assignment/app/jobs/application_job.rb": {
        "lines": [
          null,
          null,
          0,
          null,
          null,
          null,
          null,
          null,
          0
        ],
        "branches": {
        }
      },
      "/home/awsmsid/Desktop/Apps/assignment/app/channels/application_cable/connection.rb": {
        "lines": [
          0,
          0,
          0,
          0
        ],
        "branches": {
        }
      },
      "/home/awsmsid/Desktop/Apps/assignment/app/channels/application_cable/channel.rb": {
        "lines": [
          0,
          0,
          0,
          0
        ],
        "branches": {
        }
      },
      "/home/awsmsid/Desktop/Apps/assignment/app/helpers/contact_us_helper.rb": {
        "lines": [
          null,
          null,
          0,
          0
        ],
        "branches": {
        }
      },
      "/home/awsmsid/Desktop/Apps/assignment/app/helpers/application_helper.rb": {
        "lines": [
          null,
          null,
          0,
          0
        ],
        "branches": {
        }
      }
    },
    "timestamp": 1613846683
  }
}
